<?xml version="1.0" encoding="UTF-8"?>
<!-- Generated by org.testng.reporters.JUnitReportReporter -->
<testsuite skipped="0" hostname="GBTC02S65PJG8WN" name="Utilities.Apache_Poi_XlSX_Reader" tests="1" failures="0" timestamp="2020-10-02T12:08:53 EDT" time="0.565" errors="0">
  <testcase name="Write_Excel_Sheet" time="0.565" classname="Utilities.Apache_Poi_XlSX_Reader"/>
  <system-out/>
</testsuite> <!-- Utilities.Apache_Poi_XlSX_Reader -->
