<?xml version="1.0" encoding="UTF-8"?>
<!-- Generated by org.testng.reporters.JUnitReportReporter -->
<testsuite skipped="0" hostname="GBTC02S65PJG8WN" name="TestNG_Concept_Testing.Data_Provider" tests="5" failures="0" timestamp="2020-09-27T13:49:35 EDT" time="0.010" errors="0">
  <testcase name="datadriven_Testing" time="0.001" classname="TestNG_Concept_Testing.Data_Provider"/>
  <system-out/>
  <testcase name="datadriven_Testing" time="0.001" classname="TestNG_Concept_Testing.Data_Provider"/>
  <system-out/>
  <testcase name="datadriven_Testing" time="0.001" classname="TestNG_Concept_Testing.Data_Provider"/>
  <system-out/>
  <testcase name="datadriven_Testing" time="0.006" classname="TestNG_Concept_Testing.Data_Provider"/>
  <system-out/>
  <testcase name="datadriven_Testing" time="0.001" classname="TestNG_Concept_Testing.Data_Provider"/>
  <system-out/>
</testsuite> <!-- TestNG_Concept_Testing.Data_Provider -->
