<?xml version="1.0" encoding="UTF-8"?>
<!-- Generated by org.testng.reporters.JUnitReportReporter -->
<testsuite skipped="0" hostname="GBTC02S65PJG8WN" name="GUI_Testing.Teacher_Componrnt_Testing" tests="1" failures="0" timestamp="2020-09-24T16:57:26 EDT" time="76.615" errors="0">
  <testcase name="Teacher_Component_Testing" time="76.615" classname="GUI_Testing.Teacher_Componrnt_Testing"/>
  <system-out/>
</testsuite> <!-- GUI_Testing.Teacher_Componrnt_Testing -->
