<?xml version="1.0" encoding="UTF-8"?>
<!-- Generated by org.testng.reporters.JUnitReportReporter -->
<testsuite skipped="0" hostname="GBTC02S65PJG8WN" name="GUI_Testing.Teacher_Componrnt_Test" tests="1" failures="0" timestamp="2020-09-24T21:37:01 EDT" time="73.255" errors="0">
  <testcase name="Teacher_Component_Testing" time="73.255" classname="GUI_Testing.Teacher_Componrnt_Test"/>
  <system-out/>
</testsuite> <!-- GUI_Testing.Teacher_Componrnt_Test -->
