<?xml version="1.0" encoding="UTF-8"?>
<!-- Generated by org.testng.reporters.JUnitReportReporter -->
<testsuite skipped="0" hostname="GBTC02S65PJG8WN" name="GUI_Testing.WindowHandlin" tests="1" failures="0" timestamp="2020-10-15T12:26:14 EDT" time="11.845" errors="0">
  <testcase name="windowTest" time="11.845" classname="GUI_Testing.WindowHandlin"/>
  <system-out/>
</testsuite> <!-- GUI_Testing.WindowHandlin -->
