<?xml version="1.0" encoding="UTF-8"?>
<!-- Generated by org.testng.reporters.JUnitReportReporter -->
<testsuite skipped="0" hostname="GBTC02S65PJG8WN" name="Utilities.Create_Read_Test_Data" tests="2" failures="0" timestamp="2020-10-02T15:43:16 EDT" time="1.391" errors="0">
  <testcase name="Read_Data" time="0.091" classname="Utilities.Create_Read_Test_Data"/>
  <system-out/>
  <testcase name="Write_Data" time="1.300" classname="Utilities.Create_Read_Test_Data"/>
  <system-out/>
</testsuite> <!-- Utilities.Create_Read_Test_Data -->
