<?xml version="1.0" encoding="UTF-8"?>
<!-- Generated by org.testng.reporters.JUnitReportReporter -->
<testsuite skipped="0" hostname="GBTC02S65PJG8WN" name="TestNG_Concept_Testing.Data_Provider_Test" tests="5" failures="0" timestamp="2020-09-26T16:27:04 EDT" time="0.009" errors="0">
  <testcase name="Read_Data_Test" time="0.001" classname="TestNG_Concept_Testing.Data_Provider_Test"/>
  <system-out/>
  <testcase name="Read_Data_Test" time="0.005" classname="TestNG_Concept_Testing.Data_Provider_Test"/>
  <system-out/>
  <testcase name="Read_Data_Test" time="0.001" classname="TestNG_Concept_Testing.Data_Provider_Test"/>
  <system-out/>
  <testcase name="Read_Data_Test" time="0.001" classname="TestNG_Concept_Testing.Data_Provider_Test"/>
  <system-out/>
  <testcase name="Read_Data_Test" time="0.001" classname="TestNG_Concept_Testing.Data_Provider_Test"/>
  <system-out/>
</testsuite> <!-- TestNG_Concept_Testing.Data_Provider_Test -->
