<?xml version="1.0" encoding="UTF-8"?>
<!-- Generated by org.testng.reporters.JUnitReportReporter -->
<testsuite skipped="0" hostname="GBTC02S65PJG8WN" name="TestNG_Concept_Testing.Parameterization_Testing" tests="2" failures="0" timestamp="2020-09-23T16:20:42 EDT" time="0.001" errors="0">
  <testcase name="single_param_Test" time="0.000" classname="TestNG_Concept_Testing.Parameterization_Testing"/>
  <system-out/>
  <testcase name="multi_Param_test" time="0.001" classname="TestNG_Concept_Testing.Parameterization_Testing"/>
  <system-out/>
</testsuite> <!-- TestNG_Concept_Testing.Parameterization_Testing -->
