<?xml version="1.0" encoding="UTF-8"?>
<!-- Generated by org.testng.reporters.JUnitReportReporter -->
<testsuite skipped="0" hostname="GBTC02S65PJG8WN" name="GUI_Testing.WindowHandling" tests="1" failures="0" timestamp="2020-10-07T19:52:40 EDT" time="5.765" errors="0">
  <testcase name="test" time="5.765" classname="GUI_Testing.WindowHandling"/>
  <system-out/>
</testsuite> <!-- GUI_Testing.WindowHandling -->
