<?xml version="1.0" encoding="UTF-8"?>
<!-- Generated by org.testng.reporters.JUnitReportReporter -->
<testsuite skipped="0" hostname="GBTC02S65PJG8WN" name="Selenium_Interview.Selenium_Testing" tests="1" failures="0" timestamp="2020-10-14T15:43:05 EDT" time="10.896" errors="0">
  <testcase name="Get_window_Handles" time="10.896" classname="Selenium_Interview.Selenium_Testing"/>
  <system-out/>
</testsuite> <!-- Selenium_Interview.Selenium_Testing -->
