<?xml version="1.0" encoding="UTF-8"?>
<!-- Generated by org.testng.reporters.JUnitReportReporter -->
<testsuite skipped="0" hostname="GBTC02S65PJG8WN" name="GUI_Testing.Home_Page" tests="1" failures="0" timestamp="2020-09-24T22:12:30 EDT" time="3.244" errors="0">
  <testcase name="Home_Page_Test" time="3.244" classname="GUI_Testing.Home_Page"/>
  <system-out/>
</testsuite> <!-- GUI_Testing.Home_Page -->
