<?xml version="1.0" encoding="UTF-8"?>
<!-- Generated by org.testng.reporters.JUnitReportReporter -->
<testsuite skipped="0" hostname="GBTC02S65PJG8WN" name="Utilities.Read_And_Write_Excell" tests="1" failures="0" timestamp="2020-10-05T12:23:29 EDT" time="0.641" errors="0">
  <testcase name="Read_And_Wright" time="0.641" classname="Utilities.Read_And_Write_Excell"/>
  <system-out/>
</testsuite> <!-- Utilities.Read_And_Write_Excell -->
