<?xml version="1.0" encoding="UTF-8"?>
<!-- Generated by org.testng.reporters.JUnitReportReporter -->
<testsuite skipped="0" hostname="GBTC02S65PJG8WN" name="GUI_Testing.Students_Component_Test" tests="1" failures="0" timestamp="2020-09-24T22:12:30 EDT" time="18.024" errors="0">
  <testcase name="Students_Componen_Testing" time="18.024" classname="GUI_Testing.Students_Component_Test"/>
  <system-out/>
</testsuite> <!-- GUI_Testing.Students_Component_Test -->
