<?xml version="1.0" encoding="UTF-8"?>
<!-- Generated by org.testng.reporters.JUnitReportReporter -->
<testsuite skipped="0" hostname="GBTC02S65PJG8WN" name="GUI_Testing.Login_Page_Test" tests="1" failures="0" timestamp="2020-11-04T14:45:23 EST" time="6.988" errors="0">
  <testcase name="LogInPage_Test" time="6.988" classname="GUI_Testing.Login_Page_Test"/>
  <system-out/>
</testsuite> <!-- GUI_Testing.Login_Page_Test -->
