<?xml version="1.0" encoding="UTF-8"?>
<!-- Generated by org.testng.reporters.JUnitReportReporter -->
<testsuite skipped="0" hostname="GBTC02S65PJG8WN" name="TestNG_Concept_Testing.Priority_Test" tests="3" failures="0" timestamp="2020-11-04T14:45:23 EST" time="0.000" errors="0">
  <testcase name="open_the_door" time="0.000" classname="TestNG_Concept_Testing.Priority_Test"/>
  <system-out/>
  <testcase name="close_the_door" time="0.000" classname="TestNG_Concept_Testing.Priority_Test"/>
  <system-out/>
  <testcase name="seat_on_chair" time="0.000" classname="TestNG_Concept_Testing.Priority_Test"/>
  <system-out/>
</testsuite> <!-- TestNG_Concept_Testing.Priority_Test -->
