<?xml version="1.0" encoding="UTF-8"?>
<!-- Generated by org.testng.reporters.JUnitReportReporter -->
<testsuite skipped="0" hostname="GBTC02S65PJG8WN" name="GUI_Testing.Teacher_Component_Test" tests="1" failures="0" timestamp="2020-11-04T11:58:49 EST" time="92.113" errors="0">
  <testcase name="Teacher_Component_Testing" time="92.113" classname="GUI_Testing.Teacher_Component_Test"/>
  <system-out/>
</testsuite> <!-- GUI_Testing.Teacher_Component_Test -->
